<?xml version="1.0" encoding="UTF-8"?>
<!-- Generated by org.testng.reporters.JUnitReportReporter -->
<testsuite hostname="DESKTOP-K86P1UV" failures="0" tests="1" name="com.demoOrg.VehInsCalc.Utilities.ExcelOperations" time="1.733" errors="0" timestamp="2021-05-04T07:42:08 IST" skipped="0">
  <testcase classname="com.demoOrg.VehInsCalc.Utilities.ExcelOperations" name="getTestDataInHashmap" time="1.733"/>
  <system-out/>
</testsuite> <!-- com.demoOrg.VehInsCalc.Utilities.ExcelOperations -->
